Using pre-set license
Built from '2021.3/staging' branch; Version is '2021.3.10f1 (1c7d0df0160b) revision 1867021'; Using compiler version '192829333'; Build Type 'Release'
OS: 'Windows 10  (10.0.19044) 64bit Professional' Language: 'ru' Physical Memory: 12232 MB
BatchMode: 1, IsHumanControllingUs: 0, StartBugReporterOnCrash: 0, Is64bit: 1, IsPro: 1

COMMAND LINE ARGUMENTS:
D:\UnityHub\Editor\2021.3.10f1\Editor\Unity.exe
-adb2
-batchMode
-noUpm
-name
AssetImportWorker0
-projectPath
D:/Projects/Simple knight
-logFile
Logs/AssetImportWorker0.log
-srvPort
50627
Successfully changed project path to: D:/Projects/Simple knight
D:/Projects/Simple knight
[UnityMemory] Configuration Parameters - Can be set up in boot.config
    "memorysetup-bucket-allocator-granularity=16"
    "memorysetup-bucket-allocator-bucket-count=8"
    "memorysetup-bucket-allocator-block-size=33554432"
    "memorysetup-bucket-allocator-block-count=8"
    "memorysetup-main-allocator-block-size=16777216"
    "memorysetup-thread-allocator-block-size=16777216"
    "memorysetup-gfx-main-allocator-block-size=16777216"
    "memorysetup-gfx-thread-allocator-block-size=16777216"
    "memorysetup-cache-allocator-block-size=4194304"
    "memorysetup-typetree-allocator-block-size=2097152"
    "memorysetup-profiler-bucket-allocator-granularity=16"
    "memorysetup-profiler-bucket-allocator-bucket-count=8"
    "memorysetup-profiler-bucket-allocator-block-size=33554432"
    "memorysetup-profiler-bucket-allocator-block-count=8"
    "memorysetup-profiler-allocator-block-size=16777216"
    "memorysetup-profiler-editor-allocator-block-size=1048576"
    "memorysetup-temp-allocator-size-main=16777216"
    "memorysetup-job-temp-allocator-block-size=2097152"
    "memorysetup-job-temp-allocator-block-size-background=1048576"
    "memorysetup-job-temp-allocator-reduction-small-platforms=262144"
    "memorysetup-temp-allocator-size-background-worker=32768"
    "memorysetup-temp-allocator-size-job-worker=262144"
    "memorysetup-temp-allocator-size-preload-manager=33554432"
    "memorysetup-temp-allocator-size-nav-mesh-worker=65536"
    "memorysetup-temp-allocator-size-audio-worker=65536"
    "memorysetup-temp-allocator-size-cloud-worker=32768"
    "memorysetup-temp-allocator-size-gi-baking-worker=262144"
    "memorysetup-temp-allocator-size-gfx=262144"
Refreshing native plugins compatible for Editor in 147.44 ms, found 1 plugins.
Preloading 0 native plugins for Editor in 0.00 ms.
Initialize engine version: 2021.3.10f1 (1c7d0df0160b)
[Subsystems] Discovering subsystems at path D:/UnityHub/Editor/2021.3.10f1/Editor/Data/Resources/UnitySubsystems
[Subsystems] Discovering subsystems at path D:/Projects/Simple knight/Assets
GfxDevice: creating device client; threaded=0; jobified=0
Direct3D:
    Version:  Direct3D 11.0 [level 11.0]
    Renderer: NVIDIA GeForce GTX 760 (ID=0x1187)
    Vendor:   NVIDIA
    VRAM:     2007 MB
    Driver:   27.21.14.5671
Initialize mono
Mono path[0] = 'D:/UnityHub/Editor/2021.3.10f1/Editor/Data/Managed'
Mono path[1] = 'D:/UnityHub/Editor/2021.3.10f1/Editor/Data/MonoBleedingEdge/lib/mono/unityjit-win32'
Mono config path = 'D:/UnityHub/Editor/2021.3.10f1/Editor/Data/MonoBleedingEdge/etc'
Using monoOptions --debugger-agent=transport=dt_socket,embedding=1,server=y,suspend=n,address=127.0.0.1:56004
Begin MonoManager ReloadAssembly
Registering precompiled unity dll's ...
Register platform support module: D:/UnityHub/Editor/2021.3.10f1/Editor/Data/PlaybackEngines/WebGLSupport/UnityEditor.WebGL.Extensions.dll
Register platform support module: D:/UnityHub/Editor/2021.3.10f1/Editor/Data/PlaybackEngines/WindowsStandaloneSupport/UnityEditor.WindowsStandalone.Extensions.dll
Registered in 0.007729 seconds.
Native extension for WindowsStandalone target not found
Native extension for WebGL target not found
Refreshing native plugins compatible for Editor in 153.97 ms, found 1 plugins.
Preloading 0 native plugins for Editor in 0.00 ms.
Mono: successfully reloaded assembly
- Completed reload, in  1.118 seconds
Domain Reload Profiling:
	ReloadAssembly (1119ms)
		BeginReloadAssembly (168ms)
			ExecutionOrderSort (0ms)
			DisableScriptedObjects (0ms)
			BackupInstance (0ms)
			ReleaseScriptingObjects (0ms)
			CreateAndSetChildDomain (1ms)
		EndReloadAssembly (787ms)
			LoadAssemblies (167ms)
			RebuildTransferFunctionScriptingTraits (0ms)
			SetupTypeCache (165ms)
			ReleaseScriptCaches (0ms)
			RebuildScriptCaches (50ms)
			SetupLoadedEditorAssemblies (497ms)
				LogAssemblyErrors (0ms)
				InitializePlatformSupportModulesInManaged (14ms)
				SetLoadedEditorAssemblies (0ms)
				RefreshPlugins (154ms)
				BeforeProcessingInitializeOnLoad (4ms)
				ProcessInitializeOnLoadAttributes (249ms)
				ProcessInitializeOnLoadMethodAttributes (75ms)
				AfterProcessingInitializeOnLoad (0ms)
				EditorAssembliesLoaded (0ms)
			ExecutionOrderSort2 (0ms)
			AwakeInstancesAfterBackupRestoration (0ms)
Platform modules already initialized, skipping
Registering precompiled user dll's ...
Registered in 0.004964 seconds.
Begin MonoManager ReloadAssembly
Symbol file LoadedFromMemory doesn't match image D:\Projects\Simple knight\Library\PackageCache\com.unity.visualscripting@1.7.8\Editor\VisualScripting.Core\Dependencies\YamlDotNet\Unity.VisualScripting.YamlDotNet.dll
Symbol file LoadedFromMemory doesn't match image D:\Projects\Simple knight\Library\PackageCache\com.unity.visualscripting@1.7.8\Editor\VisualScripting.Core\Dependencies\DotNetZip\Unity.VisualScripting.IonicZip.dll
Native extension for WindowsStandalone target not found
Native extension for WebGL target not found
Refreshing native plugins compatible for Editor in 0.70 ms, found 1 plugins.
Preloading 0 native plugins for Editor in 0.00 ms.
Mono: successfully reloaded assembly
- Completed reload, in  1.400 seconds
Domain Reload Profiling:
	ReloadAssembly (1402ms)
		BeginReloadAssembly (193ms)
			ExecutionOrderSort (0ms)
			DisableScriptedObjects (11ms)
			BackupInstance (0ms)
			ReleaseScriptingObjects (0ms)
			CreateAndSetChildDomain (27ms)
		EndReloadAssembly (1028ms)
			LoadAssemblies (136ms)
			RebuildTransferFunctionScriptingTraits (0ms)
			SetupTypeCache (295ms)
			ReleaseScriptCaches (1ms)
			RebuildScriptCaches (88ms)
			SetupLoadedEditorAssemblies (457ms)
				LogAssemblyErrors (0ms)
				InitializePlatformSupportModulesInManaged (10ms)
				SetLoadedEditorAssemblies (1ms)
				RefreshPlugins (1ms)
				BeforeProcessingInitializeOnLoad (139ms)
				ProcessInitializeOnLoadAttributes (254ms)
				ProcessInitializeOnLoadMethodAttributes (46ms)
				AfterProcessingInitializeOnLoad (6ms)
				EditorAssembliesLoaded (0ms)
			ExecutionOrderSort2 (0ms)
			AwakeInstancesAfterBackupRestoration (10ms)
Platform modules already initialized, skipping
========================================================================
Worker process is ready to serve import requests
Launched and connected shader compiler UnityShaderCompiler.exe after 0.05 seconds
Refreshing native plugins compatible for Editor in 0.75 ms, found 1 plugins.
Preloading 0 native plugins for Editor in 0.00 ms.
Unloading 2816 Unused Serialized files (Serialized files now loaded: 0)
Unloading 18 unused Assets / (87.6 KB). Loaded Objects now: 3281.
Memory consumption went from 100.2 MB to 100.1 MB.
Total: 3.598300 ms (FindLiveObjects: 0.297100 ms CreateObjectMapping: 0.123800 ms MarkObjects: 3.060600 ms  DeleteObjects: 0.115300 ms)

AssetImportParameters requested are different than current active one (requested -> active):
  custom:video-decoder-ogg-theora: a1e56fd34408186e4bbccfd4996cb3dc -> 
  custom:container-muxer-webm: aa71ff27fc2769a1b78a27578f13a17b -> 
  custom:container-demuxer-webm: 4f35f7cbe854078d1ac9338744f61a02 -> 
  custom:video-encoder-webm-vp8: eb34c28f22e8b96e1ab97ce403110664 -> 
  custom:audio-encoder-webm-vorbis: bf7c407c2cedff20999df2af8eb42d56 -> 
  custom:framework-win-MediaFoundation: 216162199b28c13a410421893ffa2e32 -> 
  custom:container-demuxer-ogg: 62fdf1f143b41e24485cea50d1cbac27 -> 
  custom:video-decoder-webm-vp8: 9c59270c3fd7afecdb556c50c9e8de78 -> 
  custom:audio-decoder-ogg-vorbis: bf7c407c2cedff20999df2af8eb42d56 -> 
========================================================================
Received Import Request.
  Time since last request: 980.548852 seconds.
  path: Assets/Character/Idle/fb8f46f61e674fe0984ac3d52ad841fdwpL6KgURioC78E7V-8.png
  artifactKey: Guid(57feb072a85fd674d974710397b49548) Importer(815301076,1909f56bfc062723c751e8b465ee728b)
Start importing Assets/Character/Idle/fb8f46f61e674fe0984ac3d52ad841fdwpL6KgURioC78E7V-8.png using Guid(57feb072a85fd674d974710397b49548) Importer(815301076,1909f56bfc062723c751e8b465ee728b)  -> (artifact id: 'cbfb6a9d7b9cf8ef6443ba303e73346e') in 0.401232 seconds 
========================================================================
Received Import Request.
  Time since last request: 0.000032 seconds.
  path: Assets/Character/Idle/fb8f46f61e674fe0984ac3d52ad841fdwpL6KgURioC78E7V-3.png
  artifactKey: Guid(d93edbc2f7d5bac449b5d20b91a3bc33) Importer(815301076,1909f56bfc062723c751e8b465ee728b)
Start importing Assets/Character/Idle/fb8f46f61e674fe0984ac3d52ad841fdwpL6KgURioC78E7V-3.png using Guid(d93edbc2f7d5bac449b5d20b91a3bc33) Importer(815301076,1909f56bfc062723c751e8b465ee728b)  -> (artifact id: '1d595fa64b76af898a9aeba3ba8a59a3') in 0.027346 seconds 
========================================================================
Received Import Request.
  Time since last request: 0.000041 seconds.
  path: Assets/Character/Idle/fb8f46f61e674fe0984ac3d52ad841fdwpL6KgURioC78E7V-4.png
  artifactKey: Guid(b78fb5156e7add7458b50d7ac0672c52) Importer(815301076,1909f56bfc062723c751e8b465ee728b)
Start importing Assets/Character/Idle/fb8f46f61e674fe0984ac3d52ad841fdwpL6KgURioC78E7V-4.png using Guid(b78fb5156e7add7458b50d7ac0672c52) Importer(815301076,1909f56bfc062723c751e8b465ee728b)  -> (artifact id: '55f930a6b782e9b7f3e9e6393a5238e3') in 0.900266 seconds 
========================================================================
Received Import Request.
  Time since last request: 0.000145 seconds.
  path: Assets/Character/Idle/fb8f46f61e674fe0984ac3d52ad841fdwpL6KgURioC78E7V-0.png
  artifactKey: Guid(5300bb3a5c2bded45a1ffcccc1104896) Importer(815301076,1909f56bfc062723c751e8b465ee728b)
Start importing Assets/Character/Idle/fb8f46f61e674fe0984ac3d52ad841fdwpL6KgURioC78E7V-0.png using Guid(5300bb3a5c2bded45a1ffcccc1104896) Importer(815301076,1909f56bfc062723c751e8b465ee728b)  -> (artifact id: '6a8f67f2cc33f7414927ffb106f20274') in 0.049423 seconds 
========================================================================
Received Import Request.
  Time since last request: 0.000039 seconds.
  path: Assets/Character/Idle/fb8f46f61e674fe0984ac3d52ad841fdwpL6KgURioC78E7V-6.png
  artifactKey: Guid(aeb5e5dd5c27d2845825110e2a07ebb0) Importer(815301076,1909f56bfc062723c751e8b465ee728b)
Start importing Assets/Character/Idle/fb8f46f61e674fe0984ac3d52ad841fdwpL6KgURioC78E7V-6.png using Guid(aeb5e5dd5c27d2845825110e2a07ebb0) Importer(815301076,1909f56bfc062723c751e8b465ee728b)  -> (artifact id: 'f8f675374e25e8552c2e872a0fca283f') in 0.030129 seconds 
========================================================================
Received Import Request.
  Time since last request: 0.000030 seconds.
  path: Assets/Character/Idle/fb8f46f61e674fe0984ac3d52ad841fdwpL6KgURioC78E7V-9.png
  artifactKey: Guid(6c812c181a61550459ed57b348462ada) Importer(815301076,1909f56bfc062723c751e8b465ee728b)
Start importing Assets/Character/Idle/fb8f46f61e674fe0984ac3d52ad841fdwpL6KgURioC78E7V-9.png using Guid(6c812c181a61550459ed57b348462ada) Importer(815301076,1909f56bfc062723c751e8b465ee728b)  -> (artifact id: 'c8c2f5f047288cfb483f359504ebb104') in 0.016727 seconds 
========================================================================
Received Import Request.
  Time since last request: 0.000025 seconds.
  path: Assets/Character/Idle/fb8f46f61e674fe0984ac3d52ad841fdwpL6KgURioC78E7V-2.png
  artifactKey: Guid(11c9654ef36efd54bb2cba2e8ea83772) Importer(815301076,1909f56bfc062723c751e8b465ee728b)
Start importing Assets/Character/Idle/fb8f46f61e674fe0984ac3d52ad841fdwpL6KgURioC78E7V-2.png using Guid(11c9654ef36efd54bb2cba2e8ea83772) Importer(815301076,1909f56bfc062723c751e8b465ee728b)  -> (artifact id: 'e7d1608f2b049dc42befb4681da758d4') in 0.016285 seconds 
========================================================================
Received Import Request.
  Time since last request: 0.000060 seconds.
  path: Assets/Character/Idle/fb8f46f61e674fe0984ac3d52ad841fdwpL6KgURioC78E7V-1.png
  artifactKey: Guid(fe45c4a8b800ba3488db5ae1286d4d35) Importer(815301076,1909f56bfc062723c751e8b465ee728b)
Start importing Assets/Character/Idle/fb8f46f61e674fe0984ac3d52ad841fdwpL6KgURioC78E7V-1.png using Guid(fe45c4a8b800ba3488db5ae1286d4d35) Importer(815301076,1909f56bfc062723c751e8b465ee728b)  -> (artifact id: 'c29d0732aefd4809d62efaa544189078') in 0.024779 seconds 
========================================================================
Received Import Request.
  Time since last request: 0.000028 seconds.
  path: Assets/Character/Idle/fb8f46f61e674fe0984ac3d52ad841fdwpL6KgURioC78E7V-5.png
  artifactKey: Guid(cce5014839fb05841b9279b3fbb101f4) Importer(815301076,1909f56bfc062723c751e8b465ee728b)
Start importing Assets/Character/Idle/fb8f46f61e674fe0984ac3d52ad841fdwpL6KgURioC78E7V-5.png using Guid(cce5014839fb05841b9279b3fbb101f4) Importer(815301076,1909f56bfc062723c751e8b465ee728b)  -> (artifact id: 'ea699cdd697f3496eaff1bf2b541e25a') in 0.017677 seconds 
========================================================================
Received Import Request.
  Time since last request: 0.000029 seconds.
  path: Assets/Character/Idle/fb8f46f61e674fe0984ac3d52ad841fdwpL6KgURioC78E7V-7.png
  artifactKey: Guid(e615cefa521366244860e6e90eec3370) Importer(815301076,1909f56bfc062723c751e8b465ee728b)
Start importing Assets/Character/Idle/fb8f46f61e674fe0984ac3d52ad841fdwpL6KgURioC78E7V-7.png using Guid(e615cefa521366244860e6e90eec3370) Importer(815301076,1909f56bfc062723c751e8b465ee728b)  -> (artifact id: '79f1b7f3dc00e03d6a55df74aaea8016') in 0.031399 seconds 
